{"contracts/DigitalOracles.sol":{"l":{"109":7,"132":6,"133":6,"134":6,"135":6,"138":6,"156":6,"158":6,"164":0,"165":0,"167":0,"169":0,"171":0,"173":0,"181":0,"182":0,"183":0,"185":0,"187":0,"189":0,"191":0,"197":0,"198":0,"199":0,"201":0,"203":0,"205":0,"207":0,"213":0,"214":0,"216":0,"218":0,"220":0,"222":0,"228":1,"229":1,"230":1,"232":1,"233":1,"235":1,"237":1,"243":2,"244":2,"246":2,"248":2,"250":2,"256":1,"257":1,"259":1,"261":1,"263":1,"270":2,"271":2,"272":2,"275":2,"276":2,"277":2,"280":2,"283":2,"286":2,"288":2,"290":2,"297":0,"298":0,"299":0,"300":0,"303":0,"304":0,"305":0,"307":0,"310":0,"312":0,"314":0,"333":9,"334":9,"355":1,"356":1,"368":2,"377":2},"path":"/Users/jamesmorgan/Dropbox/workspace-blockrocket/digital-oracles-prototype/contracts/DigitalOracles.sol","s":{"1":6,"2":6,"3":6,"4":6,"5":6,"6":6,"7":6,"8":0,"9":0,"10":0,"11":0,"12":0,"13":0,"14":0,"15":0,"16":0,"17":0,"18":0,"19":0,"20":0,"21":0,"22":0,"23":0,"24":0,"25":0,"26":0,"27":0,"28":0,"29":0,"30":0,"31":0,"32":0,"33":0,"34":1,"35":1,"36":1,"37":1,"38":1,"39":1,"40":1,"41":2,"42":2,"43":2,"44":2,"45":2,"46":1,"47":1,"48":1,"49":1,"50":1,"51":2,"52":2,"53":2,"54":2,"55":2,"56":2,"57":2,"58":2,"59":2,"60":2,"61":0,"62":0,"63":0,"64":0,"65":0,"66":0,"67":0,"68":0,"69":0,"70":0,"71":0,"72":9,"73":9,"74":1,"75":1,"76":2,"77":2},"b":{"1":[6,0],"2":[6,0],"3":[6,0],"4":[6,0],"5":[0,0],"6":[0,0],"7":[0,0],"8":[0,0],"9":[0,0],"10":[0,0],"11":[0,0],"12":[0,0],"13":[0,0],"14":[0,0],"15":[1,0],"16":[1,0],"17":[1,0],"18":[2,0],"19":[2,0],"20":[1,0],"21":[1,0],"22":[2,0],"23":[2,0],"24":[2,0],"25":[2,0],"26":[2,0],"27":[2,0],"28":[0,0],"29":[0,0],"30":[0,0],"31":[0,0],"32":[0,0],"33":[0,0],"34":[0,0]},"f":{"1":7,"2":6,"3":0,"4":0,"5":0,"6":0,"7":1,"8":2,"9":1,"10":2,"11":0,"12":9,"13":1,"14":2,"15":2},"fnMap":{"1":{"name":null,"line":108,"loc":{"start":{"line":108,"column":4},"end":{"line":108,"column":22}}},"2":{"name":"createContract","line":116,"loc":{"start":{"line":116,"column":4},"end":{"line":131,"column":34}}},"3":{"name":"updateContractState","line":161,"loc":{"start":{"line":161,"column":4},"end":{"line":163,"column":34}}},"4":{"name":"updateContractStartDate","line":178,"loc":{"start":{"line":178,"column":4},"end":{"line":180,"column":34}}},"5":{"name":"updateContractEndDate","line":194,"loc":{"start":{"line":194,"column":4},"end":{"line":196,"column":34}}},"6":{"name":"updateContractHasValue","line":210,"loc":{"start":{"line":210,"column":4},"end":{"line":212,"column":34}}},"7":{"name":"replaceContract","line":225,"loc":{"start":{"line":225,"column":4},"end":{"line":227,"column":34}}},"8":{"name":"approveContract","line":240,"loc":{"start":{"line":240,"column":4},"end":{"line":242,"column":34}}},"9":{"name":"terminateContract","line":253,"loc":{"start":{"line":253,"column":4},"end":{"line":255,"column":34}}},"10":{"name":"addInvoiceToContract","line":266,"loc":{"start":{"line":266,"column":4},"end":{"line":268,"column":34}}},"11":{"name":"updateInvoiceState","line":293,"loc":{"start":{"line":293,"column":4},"end":{"line":295,"column":34}}},"12":{"name":"getContractDetails","line":321,"loc":{"start":{"line":321,"column":4},"end":{"line":332,"column":7}}},"13":{"name":"getContractTerms","line":346,"loc":{"start":{"line":346,"column":4},"end":{"line":354,"column":7}}},"14":{"name":"getContractInvoices","line":365,"loc":{"start":{"line":365,"column":4},"end":{"line":367,"column":43}}},"15":{"name":"getContractInvoiceDetails","line":371,"loc":{"start":{"line":371,"column":4},"end":{"line":376,"column":7}}}},"statementMap":{"1":{"start":{"line":132,"column":8},"end":{"line":132,"column":55}},"2":{"start":{"line":133,"column":8},"end":{"line":133,"column":48}},"3":{"start":{"line":134,"column":8},"end":{"line":134,"column":48}},"4":{"start":{"line":135,"column":8},"end":{"line":135,"column":87}},"5":{"start":{"line":138,"column":8},"end":{"line":138,"column":5136}},"6":{"start":{"line":156,"column":8},"end":{"line":156,"column":74}},"7":{"start":{"line":158,"column":8},"end":{"line":158,"column":26}},"8":{"start":{"line":164,"column":8},"end":{"line":164,"column":55}},"9":{"start":{"line":165,"column":8},"end":{"line":165,"column":83}},"10":{"start":{"line":167,"column":8},"end":{"line":167,"column":57}},"11":{"start":{"line":169,"column":8},"end":{"line":169,"column":44}},"12":{"start":{"line":171,"column":8},"end":{"line":171,"column":69}},"13":{"start":{"line":173,"column":8},"end":{"line":173,"column":26}},"14":{"start":{"line":181,"column":8},"end":{"line":181,"column":55}},"15":{"start":{"line":182,"column":8},"end":{"line":182,"column":55}},"16":{"start":{"line":183,"column":8},"end":{"line":183,"column":83}},"17":{"start":{"line":185,"column":8},"end":{"line":185,"column":67}},"18":{"start":{"line":187,"column":8},"end":{"line":187,"column":52}},"19":{"start":{"line":189,"column":8},"end":{"line":189,"column":81}},"20":{"start":{"line":191,"column":8},"end":{"line":191,"column":26}},"21":{"start":{"line":197,"column":8},"end":{"line":197,"column":55}},"22":{"start":{"line":198,"column":8},"end":{"line":198,"column":51}},"23":{"start":{"line":199,"column":8},"end":{"line":199,"column":83}},"24":{"start":{"line":201,"column":8},"end":{"line":201,"column":63}},"25":{"start":{"line":203,"column":8},"end":{"line":203,"column":48}},"26":{"start":{"line":205,"column":8},"end":{"line":205,"column":75}},"27":{"start":{"line":207,"column":8},"end":{"line":207,"column":26}},"28":{"start":{"line":213,"column":8},"end":{"line":213,"column":55}},"29":{"start":{"line":214,"column":8},"end":{"line":214,"column":83}},"30":{"start":{"line":216,"column":8},"end":{"line":216,"column":78}},"31":{"start":{"line":218,"column":8},"end":{"line":218,"column":66}},"32":{"start":{"line":220,"column":8},"end":{"line":220,"column":94}},"33":{"start":{"line":222,"column":8},"end":{"line":222,"column":26}},"34":{"start":{"line":228,"column":8},"end":{"line":228,"column":55}},"35":{"start":{"line":229,"column":8},"end":{"line":229,"column":98}},"36":{"start":{"line":230,"column":8},"end":{"line":230,"column":106}},"37":{"start":{"line":232,"column":8},"end":{"line":232,"column":52}},"38":{"start":{"line":233,"column":8},"end":{"line":233,"column":76}},"39":{"start":{"line":235,"column":8},"end":{"line":235,"column":66}},"40":{"start":{"line":237,"column":8},"end":{"line":237,"column":26}},"41":{"start":{"line":243,"column":8},"end":{"line":243,"column":55}},"42":{"start":{"line":244,"column":8},"end":{"line":244,"column":94}},"43":{"start":{"line":246,"column":8},"end":{"line":246,"column":52}},"44":{"start":{"line":248,"column":8},"end":{"line":248,"column":42}},"45":{"start":{"line":250,"column":8},"end":{"line":250,"column":26}},"46":{"start":{"line":256,"column":8},"end":{"line":256,"column":55}},"47":{"start":{"line":257,"column":8},"end":{"line":257,"column":156}},"48":{"start":{"line":259,"column":8},"end":{"line":259,"column":54}},"49":{"start":{"line":261,"column":8},"end":{"line":261,"column":44}},"50":{"start":{"line":263,"column":8},"end":{"line":263,"column":26}},"51":{"start":{"line":270,"column":8},"end":{"line":270,"column":55}},"52":{"start":{"line":271,"column":8},"end":{"line":271,"column":53}},"53":{"start":{"line":272,"column":8},"end":{"line":272,"column":96}},"54":{"start":{"line":275,"column":8},"end":{"line":275,"column":156}},"55":{"start":{"line":276,"column":8},"end":{"line":276,"column":98}},"56":{"start":{"line":277,"column":8},"end":{"line":277,"column":116}},"57":{"start":{"line":283,"column":8},"end":{"line":283,"column":52}},"58":{"start":{"line":286,"column":8},"end":{"line":286,"column":58}},"59":{"start":{"line":288,"column":8},"end":{"line":288,"column":66}},"60":{"start":{"line":290,"column":8},"end":{"line":290,"column":25}},"61":{"start":{"line":297,"column":8},"end":{"line":297,"column":55}},"62":{"start":{"line":298,"column":8},"end":{"line":298,"column":53}},"63":{"start":{"line":299,"column":8},"end":{"line":299,"column":96}},"64":{"start":{"line":300,"column":8},"end":{"line":300,"column":86}},"65":{"start":{"line":303,"column":8},"end":{"line":303,"column":156}},"66":{"start":{"line":304,"column":8},"end":{"line":304,"column":100}},"67":{"start":{"line":305,"column":8},"end":{"line":305,"column":100}},"68":{"start":{"line":307,"column":8},"end":{"line":307,"column":72}},"69":{"start":{"line":310,"column":8},"end":{"line":310,"column":58}},"70":{"start":{"line":312,"column":8},"end":{"line":312,"column":89}},"71":{"start":{"line":314,"column":8},"end":{"line":314,"column":25}},"72":{"start":{"line":333,"column":8},"end":{"line":333,"column":57}},"73":{"start":{"line":334,"column":8},"end":{"line":334,"column":12363}},"74":{"start":{"line":355,"column":8},"end":{"line":355,"column":57}},"75":{"start":{"line":356,"column":8},"end":{"line":356,"column":12973}},"76":{"start":{"line":368,"column":8},"end":{"line":368,"column":39}},"77":{"start":{"line":377,"column":8},"end":{"line":377,"column":13528}}},"branchMap":{"1":{"line":132,"type":"if","locations":[{"start":{"line":132,"column":8},"end":{"line":132,"column":8}},{"start":{"line":132,"column":8},"end":{"line":132,"column":8}}]},"2":{"line":133,"type":"if","locations":[{"start":{"line":133,"column":8},"end":{"line":133,"column":8}},{"start":{"line":133,"column":8},"end":{"line":133,"column":8}}]},"3":{"line":134,"type":"if","locations":[{"start":{"line":134,"column":8},"end":{"line":134,"column":8}},{"start":{"line":134,"column":8},"end":{"line":134,"column":8}}]},"4":{"line":135,"type":"if","locations":[{"start":{"line":135,"column":8},"end":{"line":135,"column":8}},{"start":{"line":135,"column":8},"end":{"line":135,"column":8}}]},"5":{"line":164,"type":"if","locations":[{"start":{"line":164,"column":8},"end":{"line":164,"column":8}},{"start":{"line":164,"column":8},"end":{"line":164,"column":8}}]},"6":{"line":165,"type":"if","locations":[{"start":{"line":165,"column":8},"end":{"line":165,"column":8}},{"start":{"line":165,"column":8},"end":{"line":165,"column":8}}]},"7":{"line":181,"type":"if","locations":[{"start":{"line":181,"column":8},"end":{"line":181,"column":8}},{"start":{"line":181,"column":8},"end":{"line":181,"column":8}}]},"8":{"line":182,"type":"if","locations":[{"start":{"line":182,"column":8},"end":{"line":182,"column":8}},{"start":{"line":182,"column":8},"end":{"line":182,"column":8}}]},"9":{"line":183,"type":"if","locations":[{"start":{"line":183,"column":8},"end":{"line":183,"column":8}},{"start":{"line":183,"column":8},"end":{"line":183,"column":8}}]},"10":{"line":197,"type":"if","locations":[{"start":{"line":197,"column":8},"end":{"line":197,"column":8}},{"start":{"line":197,"column":8},"end":{"line":197,"column":8}}]},"11":{"line":198,"type":"if","locations":[{"start":{"line":198,"column":8},"end":{"line":198,"column":8}},{"start":{"line":198,"column":8},"end":{"line":198,"column":8}}]},"12":{"line":199,"type":"if","locations":[{"start":{"line":199,"column":8},"end":{"line":199,"column":8}},{"start":{"line":199,"column":8},"end":{"line":199,"column":8}}]},"13":{"line":213,"type":"if","locations":[{"start":{"line":213,"column":8},"end":{"line":213,"column":8}},{"start":{"line":213,"column":8},"end":{"line":213,"column":8}}]},"14":{"line":214,"type":"if","locations":[{"start":{"line":214,"column":8},"end":{"line":214,"column":8}},{"start":{"line":214,"column":8},"end":{"line":214,"column":8}}]},"15":{"line":228,"type":"if","locations":[{"start":{"line":228,"column":8},"end":{"line":228,"column":8}},{"start":{"line":228,"column":8},"end":{"line":228,"column":8}}]},"16":{"line":229,"type":"if","locations":[{"start":{"line":229,"column":8},"end":{"line":229,"column":8}},{"start":{"line":229,"column":8},"end":{"line":229,"column":8}}]},"17":{"line":230,"type":"if","locations":[{"start":{"line":230,"column":8},"end":{"line":230,"column":8}},{"start":{"line":230,"column":8},"end":{"line":230,"column":8}}]},"18":{"line":243,"type":"if","locations":[{"start":{"line":243,"column":8},"end":{"line":243,"column":8}},{"start":{"line":243,"column":8},"end":{"line":243,"column":8}}]},"19":{"line":244,"type":"if","locations":[{"start":{"line":244,"column":8},"end":{"line":244,"column":8}},{"start":{"line":244,"column":8},"end":{"line":244,"column":8}}]},"20":{"line":256,"type":"if","locations":[{"start":{"line":256,"column":8},"end":{"line":256,"column":8}},{"start":{"line":256,"column":8},"end":{"line":256,"column":8}}]},"21":{"line":257,"type":"if","locations":[{"start":{"line":257,"column":8},"end":{"line":257,"column":8}},{"start":{"line":257,"column":8},"end":{"line":257,"column":8}}]},"22":{"line":270,"type":"if","locations":[{"start":{"line":270,"column":8},"end":{"line":270,"column":8}},{"start":{"line":270,"column":8},"end":{"line":270,"column":8}}]},"23":{"line":271,"type":"if","locations":[{"start":{"line":271,"column":8},"end":{"line":271,"column":8}},{"start":{"line":271,"column":8},"end":{"line":271,"column":8}}]},"24":{"line":272,"type":"if","locations":[{"start":{"line":272,"column":8},"end":{"line":272,"column":8}},{"start":{"line":272,"column":8},"end":{"line":272,"column":8}}]},"25":{"line":275,"type":"if","locations":[{"start":{"line":275,"column":8},"end":{"line":275,"column":8}},{"start":{"line":275,"column":8},"end":{"line":275,"column":8}}]},"26":{"line":276,"type":"if","locations":[{"start":{"line":276,"column":8},"end":{"line":276,"column":8}},{"start":{"line":276,"column":8},"end":{"line":276,"column":8}}]},"27":{"line":277,"type":"if","locations":[{"start":{"line":277,"column":8},"end":{"line":277,"column":8}},{"start":{"line":277,"column":8},"end":{"line":277,"column":8}}]},"28":{"line":297,"type":"if","locations":[{"start":{"line":297,"column":8},"end":{"line":297,"column":8}},{"start":{"line":297,"column":8},"end":{"line":297,"column":8}}]},"29":{"line":298,"type":"if","locations":[{"start":{"line":298,"column":8},"end":{"line":298,"column":8}},{"start":{"line":298,"column":8},"end":{"line":298,"column":8}}]},"30":{"line":299,"type":"if","locations":[{"start":{"line":299,"column":8},"end":{"line":299,"column":8}},{"start":{"line":299,"column":8},"end":{"line":299,"column":8}}]},"31":{"line":300,"type":"if","locations":[{"start":{"line":300,"column":8},"end":{"line":300,"column":8}},{"start":{"line":300,"column":8},"end":{"line":300,"column":8}}]},"32":{"line":303,"type":"if","locations":[{"start":{"line":303,"column":8},"end":{"line":303,"column":8}},{"start":{"line":303,"column":8},"end":{"line":303,"column":8}}]},"33":{"line":304,"type":"if","locations":[{"start":{"line":304,"column":8},"end":{"line":304,"column":8}},{"start":{"line":304,"column":8},"end":{"line":304,"column":8}}]},"34":{"line":305,"type":"if","locations":[{"start":{"line":305,"column":8},"end":{"line":305,"column":8}},{"start":{"line":305,"column":8},"end":{"line":305,"column":8}}]}}}}